[0.092s] DEBUG:colcon:Command line arguments: ['/usr/bin/colcon', 'build', '--symlink-install', '--base-paths', 'src/slam_example', '--build-base', 'build_slam_example', '--install-base', 'install_slam_example']
[0.093s] DEBUG:colcon:Parsed command line arguments: Namespace(log_base=None, log_level=None, verb_name='build', build_base='/home/callum/cardiff-autonomous-racing/perception_ws/build_slam_example', install_base='/home/callum/cardiff-autonomous-racing/perception_ws/install_slam_example', merge_install=False, symlink_install=True, test_result_base=None, continue_on_error=False, executor='parallel', parallel_workers=8, event_handlers=None, ignore_user_meta=False, metas=['./colcon.meta'], base_paths=['src/slam_example'], packages_ignore=None, packages_ignore_regex=None, paths=None, packages_up_to=None, packages_up_to_regex=None, packages_above=None, packages_above_and_dependencies=None, packages_above_depth=None, packages_select_by_dep=None, packages_skip_by_dep=None, packages_skip_up_to=None, packages_select_build_failed=False, packages_skip_build_finished=False, packages_select_test_failures=False, packages_skip_test_passed=False, packages_select=None, packages_skip=None, packages_select_regex=None, packages_skip_regex=None, packages_start=None, packages_end=None, allow_overriding=[], cmake_args=None, cmake_target=None, cmake_target_skip_unavailable=False, cmake_clean_cache=False, cmake_clean_first=False, cmake_force_configure=False, ament_cmake_args=None, catkin_cmake_args=None, catkin_skip_building_tests=False, verb_parser=<colcon_defaults.argument_parser.defaults.DefaultArgumentsDecorator object at 0x7f52f717a0b0>, verb_extension=<colcon_core.verb.build.BuildVerb object at 0x7f52f7179c60>, main=<bound method BuildVerb.main of <colcon_core.verb.build.BuildVerb object at 0x7f52f7179c60>>)
[0.256s] Level 1:colcon.colcon_core.package_discovery:discover_packages(colcon_meta) check parameters
[0.256s] Level 1:colcon.colcon_core.package_discovery:discover_packages(recursive) check parameters
[0.256s] Level 1:colcon.colcon_core.package_discovery:discover_packages(ignore) check parameters
[0.256s] Level 1:colcon.colcon_core.package_discovery:discover_packages(path) check parameters
[0.256s] Level 1:colcon.colcon_core.package_discovery:discover_packages(recursive) discover
[0.256s] INFO:colcon.colcon_core.package_discovery:Crawling recursively for packages in '/home/callum/cardiff-autonomous-racing/perception_ws/src/slam_example'
[0.256s] Level 1:colcon.colcon_core.package_identification:_identify(src/slam_example) by extensions ['ignore', 'ignore_ament_install']
[0.256s] Level 1:colcon.colcon_core.package_identification:_identify(src/slam_example) by extension 'ignore'
[0.256s] Level 1:colcon.colcon_core.package_identification:_identify(src/slam_example) by extension 'ignore_ament_install'
[0.256s] Level 1:colcon.colcon_core.package_identification:_identify(src/slam_example) by extensions ['colcon_pkg']
[0.256s] Level 1:colcon.colcon_core.package_identification:_identify(src/slam_example) by extension 'colcon_pkg'
[0.256s] Level 1:colcon.colcon_core.package_identification:_identify(src/slam_example) by extensions ['colcon_meta']
[0.257s] Level 1:colcon.colcon_core.package_identification:_identify(src/slam_example) by extension 'colcon_meta'
[0.257s] Level 1:colcon.colcon_core.package_identification:_identify(src/slam_example) by extensions ['ros']
[0.257s] Level 1:colcon.colcon_core.package_identification:_identify(src/slam_example) by extension 'ros'
[0.290s] DEBUG:colcon.colcon_core.package_identification:Package 'src/slam_example' with type 'ros.ament_cmake' and name 'slam_example'
[0.290s] Level 1:colcon.colcon_core.package_discovery:discover_packages(recursive) using defaults
[0.309s] Level 1:colcon.colcon_core.package_discovery:discover_packages(prefix_path) check parameters
[0.309s] Level 1:colcon.colcon_core.package_discovery:discover_packages(prefix_path) discover
[0.312s] DEBUG:colcon.colcon_installed_package_information.package_discovery:Found 286 installed packages in /opt/ros/humble
[0.316s] Level 1:colcon.colcon_core.package_discovery:discover_packages(prefix_path) using defaults
[0.350s] Level 5:colcon.colcon_core.verb:set package 'slam_example' build argument 'cmake_args' from command line to 'None'
[0.350s] Level 5:colcon.colcon_core.verb:set package 'slam_example' build argument 'cmake_target' from command line to 'None'
[0.350s] Level 5:colcon.colcon_core.verb:set package 'slam_example' build argument 'cmake_target_skip_unavailable' from command line to 'False'
[0.350s] Level 5:colcon.colcon_core.verb:set package 'slam_example' build argument 'cmake_clean_cache' from command line to 'False'
[0.350s] Level 5:colcon.colcon_core.verb:set package 'slam_example' build argument 'cmake_clean_first' from command line to 'False'
[0.350s] Level 5:colcon.colcon_core.verb:set package 'slam_example' build argument 'cmake_force_configure' from command line to 'False'
[0.350s] Level 5:colcon.colcon_core.verb:set package 'slam_example' build argument 'ament_cmake_args' from command line to 'None'
[0.350s] Level 5:colcon.colcon_core.verb:set package 'slam_example' build argument 'catkin_cmake_args' from command line to 'None'
[0.350s] Level 5:colcon.colcon_core.verb:set package 'slam_example' build argument 'catkin_skip_building_tests' from command line to 'False'
[0.350s] DEBUG:colcon.colcon_core.verb:Building package 'slam_example' with the following arguments: {'ament_cmake_args': None, 'build_base': '/home/callum/cardiff-autonomous-racing/perception_ws/build_slam_example/slam_example', 'catkin_cmake_args': None, 'catkin_skip_building_tests': False, 'cmake_args': None, 'cmake_clean_cache': False, 'cmake_clean_first': False, 'cmake_force_configure': False, 'cmake_target': None, 'cmake_target_skip_unavailable': False, 'install_base': '/home/callum/cardiff-autonomous-racing/perception_ws/install_slam_example/slam_example', 'merge_install': False, 'path': '/home/callum/cardiff-autonomous-racing/perception_ws/src/slam_example', 'symlink_install': True, 'test_result_base': None}
[0.350s] INFO:colcon.colcon_core.executor:Executing jobs using 'parallel' executor
[0.351s] DEBUG:colcon.colcon_parallel_executor.executor.parallel:run_until_complete
[0.351s] INFO:colcon.colcon_ros.task.ament_cmake.build:Building ROS package in '/home/callum/cardiff-autonomous-racing/perception_ws/src/slam_example' with build type 'ament_cmake'
[0.352s] INFO:colcon.colcon_cmake.task.cmake.build:Building CMake package in '/home/callum/cardiff-autonomous-racing/perception_ws/src/slam_example'
[0.353s] INFO:colcon.colcon_core.plugin_system:Skipping extension 'colcon_core.shell.bat': Not used on non-Windows systems
[0.353s] INFO:colcon.colcon_core.shell:Skip shell extension 'powershell' for command environment: Not usable outside of PowerShell
[0.353s] DEBUG:colcon.colcon_core.shell:Skip shell extension 'dsv' for command environment
[0.358s] DEBUG:colcon.colcon_core.event_handler.log_command:Invoking command in '/home/callum/cardiff-autonomous-racing/perception_ws/build_slam_example/slam_example': CMAKE_PREFIX_PATH=/opt/ros/humble /usr/bin/cmake /home/callum/cardiff-autonomous-racing/perception_ws/src/slam_example -DAMENT_CMAKE_SYMLINK_INSTALL=1 -DCMAKE_INSTALL_PREFIX=/home/callum/cardiff-autonomous-racing/perception_ws/install_slam_example/slam_example
[2.122s] DEBUG:colcon.colcon_core.event_handler.log_command:Invoked command in '/home/callum/cardiff-autonomous-racing/perception_ws/build_slam_example/slam_example' returned '0': CMAKE_PREFIX_PATH=/opt/ros/humble /usr/bin/cmake /home/callum/cardiff-autonomous-racing/perception_ws/src/slam_example -DAMENT_CMAKE_SYMLINK_INSTALL=1 -DCMAKE_INSTALL_PREFIX=/home/callum/cardiff-autonomous-racing/perception_ws/install_slam_example/slam_example
[2.123s] DEBUG:colcon.colcon_core.event_handler.log_command:Invoking command in '/home/callum/cardiff-autonomous-racing/perception_ws/build_slam_example/slam_example': CMAKE_PREFIX_PATH=/opt/ros/humble /usr/bin/cmake --build /home/callum/cardiff-autonomous-racing/perception_ws/build_slam_example/slam_example -- -j8 -l8
[13.234s] DEBUG:colcon.colcon_core.event_handler.log_command:Invoked command in '/home/callum/cardiff-autonomous-racing/perception_ws/build_slam_example/slam_example' returned '2': CMAKE_PREFIX_PATH=/opt/ros/humble /usr/bin/cmake --build /home/callum/cardiff-autonomous-racing/perception_ws/build_slam_example/slam_example -- -j8 -l8
[13.235s] Level 1:colcon.colcon_core.environment:create_environment_scripts_only(slam_example)
[13.237s] Level 1:colcon.colcon_core.environment:checking '/home/callum/cardiff-autonomous-racing/perception_ws/install_slam_example/slam_example' for CMake module files
[13.237s] Level 1:colcon.colcon_core.environment:checking '/home/callum/cardiff-autonomous-racing/perception_ws/install_slam_example/slam_example' for CMake config files
[13.237s] Level 1:colcon.colcon_core.environment:checking '/home/callum/cardiff-autonomous-racing/perception_ws/install_slam_example/slam_example/bin'
[13.237s] Level 1:colcon.colcon_core.environment:checking '/home/callum/cardiff-autonomous-racing/perception_ws/install_slam_example/slam_example/lib/pkgconfig/slam_example.pc'
[13.238s] Level 1:colcon.colcon_core.environment:checking '/home/callum/cardiff-autonomous-racing/perception_ws/install_slam_example/slam_example/lib/python3.10/site-packages'
[13.238s] Level 1:colcon.colcon_core.environment:checking '/home/callum/cardiff-autonomous-racing/perception_ws/install_slam_example/slam_example/bin'
[13.238s] INFO:colcon.colcon_core.shell:Creating package script '/home/callum/cardiff-autonomous-racing/perception_ws/install_slam_example/slam_example/share/slam_example/package.ps1'
[13.239s] INFO:colcon.colcon_core.shell:Creating package descriptor '/home/callum/cardiff-autonomous-racing/perception_ws/install_slam_example/slam_example/share/slam_example/package.dsv'
[13.239s] INFO:colcon.colcon_core.shell:Creating package script '/home/callum/cardiff-autonomous-racing/perception_ws/install_slam_example/slam_example/share/slam_example/package.sh'
[13.240s] INFO:colcon.colcon_core.shell:Creating package script '/home/callum/cardiff-autonomous-racing/perception_ws/install_slam_example/slam_example/share/slam_example/package.bash'
[13.241s] INFO:colcon.colcon_core.shell:Creating package script '/home/callum/cardiff-autonomous-racing/perception_ws/install_slam_example/slam_example/share/slam_example/package.zsh'
[13.241s] Level 1:colcon.colcon_core.environment:create_file_with_runtime_dependencies(/home/callum/cardiff-autonomous-racing/perception_ws/install_slam_example/slam_example/share/colcon-core/packages/slam_example)
[13.252s] DEBUG:colcon.colcon_parallel_executor.executor.parallel:closing loop
[13.252s] DEBUG:colcon.colcon_parallel_executor.executor.parallel:loop closed
[13.252s] DEBUG:colcon.colcon_parallel_executor.executor.parallel:run_until_complete finished with '2'
[13.252s] DEBUG:colcon.colcon_core.event_reactor:joining thread
[13.257s] INFO:colcon.colcon_core.plugin_system:Skipping extension 'colcon_notification.desktop_notification.terminal_notifier': Not used on non-Darwin systems
[13.257s] INFO:colcon.colcon_core.plugin_system:Skipping extension 'colcon_notification.desktop_notification.win32': Not used on non-Windows systems
[13.257s] INFO:colcon.colcon_notification.desktop_notification:Sending desktop notification using 'notify2'
[13.271s] DEBUG:colcon.colcon_core.event_reactor:joined thread
[13.271s] INFO:colcon.colcon_core.shell:Creating prefix script '/home/callum/cardiff-autonomous-racing/perception_ws/install_slam_example/local_setup.ps1'
[13.272s] INFO:colcon.colcon_core.shell:Creating prefix util module '/home/callum/cardiff-autonomous-racing/perception_ws/install_slam_example/_local_setup_util_ps1.py'
[13.274s] INFO:colcon.colcon_core.shell:Creating prefix chain script '/home/callum/cardiff-autonomous-racing/perception_ws/install_slam_example/setup.ps1'
[13.275s] INFO:colcon.colcon_core.shell:Creating prefix script '/home/callum/cardiff-autonomous-racing/perception_ws/install_slam_example/local_setup.sh'
[13.275s] INFO:colcon.colcon_core.shell:Creating prefix util module '/home/callum/cardiff-autonomous-racing/perception_ws/install_slam_example/_local_setup_util_sh.py'
[13.276s] INFO:colcon.colcon_core.shell:Creating prefix chain script '/home/callum/cardiff-autonomous-racing/perception_ws/install_slam_example/setup.sh'
[13.277s] INFO:colcon.colcon_core.shell:Creating prefix script '/home/callum/cardiff-autonomous-racing/perception_ws/install_slam_example/local_setup.bash'
[13.278s] INFO:colcon.colcon_core.shell:Creating prefix chain script '/home/callum/cardiff-autonomous-racing/perception_ws/install_slam_example/setup.bash'
[13.279s] INFO:colcon.colcon_core.shell:Creating prefix script '/home/callum/cardiff-autonomous-racing/perception_ws/install_slam_example/local_setup.zsh'
[13.280s] INFO:colcon.colcon_core.shell:Creating prefix chain script '/home/callum/cardiff-autonomous-racing/perception_ws/install_slam_example/setup.zsh'
