[33mCMake Warning (dev) at /usr/share/cmake-3.22/Modules/FindOpenGL.cmake:315 (message):
  Policy CMP0072 is not set: FindOpenGL prefers GLVND by default when
  available.  Run "cmake --help-policy CMP0072" for policy details.  Use the
  cmake_policy command to set the policy and suppress this warning.

  FindOpenGL found both a legacy GL library:

    OPENGL_gl_LIBRARY: /usr/lib/x86_64-linux-gnu/libGL.so

  and GLVND libraries for OpenGL and GLX:

    OPENGL_opengl_LIBRARY: /usr/lib/x86_64-linux-gnu/libOpenGL.so
    OPENGL_glx_LIBRARY: /usr/lib/x86_64-linux-gnu/libGLX.so

  OpenGL_GL_PREFERENCE has not been set to "GLVND" or "LEGACY", so for
  compatibility with CMake 3.10 and below the legacy GL library will be used.
Call Stack (most recent call first):
  CMakeLists.txt:18 (find_package)
This warning is for project developers.  Use -Wno-dev to suppress it.
[0m
gmake[2]: *** No rule to make target '/home/callum/cardiff-autonomous-racing/perception_ws/src/slam_example/../../ORB_SLAM3/lib/libORB_SLAM3.so', needed by 'orb_slam3_stereo_inertial'. Stop.
gmake[2]: *** Waiting for unfinished jobs....
gmake[2]: *** No rule to make target '/home/callum/cardiff-autonomous-racing/perception_ws/src/slam_example/../../ORB_SLAM3/lib/libORB_SLAM3.so', needed by 'orb_slam3_stereo'. Stop.
gmake[2]: *** Waiting for unfinished jobs....
In file included from [01m[K/home/callum/cardiff-autonomous-racing/perception_ws/src/slam_example/src/image_grabber_stereo_inertial.cpp:1[m[K:
[01m[K/home/callum/cardiff-autonomous-racing/perception_ws/src/slam_example/include/slam_example/image_grabber_stereo_inertial.hpp:17:10:[m[K [01;31m[Kfatal error: [m[KSystem.h: No such file or directory
   17 | #include [01;31m[K"System.h"[m[K
      |          [01;31m[K^~~~~~~~~~[m[K
compilation terminated.
gmake[2]: *** [CMakeFiles/orb_slam3_stereo_inertial.dir/build.make:90: CMakeFiles/orb_slam3_stereo_inertial.dir/src/image_grabber_stereo_inertial.cpp.o] Error 1
In file included from [01m[K/home/callum/cardiff-autonomous-racing/perception_ws/src/slam_example/src/orb_slam3_stereo_inertial.cpp:11[m[K:
[01m[K/home/callum/cardiff-autonomous-racing/perception_ws/src/slam_example/include/slam_example/image_grabber_stereo_inertial.hpp:17:10:[m[K [01;31m[Kfatal error: [m[KSystem.h: No such file or directory
   17 | #include [01;31m[K"System.h"[m[K
      |          [01;31m[K^~~~~~~~~~[m[K
compilation terminated.
gmake[2]: *** [CMakeFiles/orb_slam3_stereo_inertial.dir/build.make:76: CMakeFiles/orb_slam3_stereo_inertial.dir/src/orb_slam3_stereo_inertial.cpp.o] Error 1
gmake[1]: *** [CMakeFiles/Makefile2:167: CMakeFiles/orb_slam3_stereo_inertial.dir/all] Error 2
gmake[1]: *** Waiting for unfinished jobs....
In file included from [01m[K/home/callum/cardiff-autonomous-racing/perception_ws/src/slam_example/src/orb_slam3_stereo.cpp:8[m[K:
[01m[K/home/callum/cardiff-autonomous-racing/perception_ws/src/slam_example/include/slam_example/image_grabber_stereo.hpp:12:10:[m[K [01;31m[Kfatal error: [m[KSystem.h: No such file or directory
   12 | #include [01;31m[K"System.h"[m[K  // ORB-SLAM3 core
      |          [01;31m[K^~~~~~~~~~[m[K
compilation terminated.
In file included from [01m[K/home/callum/cardiff-autonomous-racing/perception_ws/src/slam_example/src/image_grabber_stereo.cpp:1[m[K:
[01m[K/home/callum/cardiff-autonomous-racing/perception_ws/src/slam_example/include/slam_example/image_grabber_stereo.hpp:12:10:[m[K [01;31m[Kfatal error: [m[KSystem.h: No such file or directory
   12 | #include [01;31m[K"System.h"[m[K  // ORB-SLAM3 core
      |          [01;31m[K^~~~~~~~~~[m[K
compilation terminated.
gmake[2]: *** [CMakeFiles/orb_slam3_stereo.dir/build.make:76: CMakeFiles/orb_slam3_stereo.dir/src/orb_slam3_stereo.cpp.o] Error 1
gmake[2]: *** [CMakeFiles/orb_slam3_stereo.dir/build.make:90: CMakeFiles/orb_slam3_stereo.dir/src/image_grabber_stereo.cpp.o] Error 1
gmake[1]: *** [CMakeFiles/Makefile2:141: CMakeFiles/orb_slam3_stereo.dir/all] Error 2
gmake: *** [Makefile:146: all] Error 2
