-- The C compiler identification is GNU 11.4.0
-- The CXX compiler identification is GNU 11.4.0
-- Detecting C compiler ABI info
-- Detecting C compiler ABI info - done
-- Check for working C compiler: /usr/bin/cc - skipped
-- Detecting C compile features
-- Detecting C compile features - done
-- Detecting CXX compiler ABI info
-- Detecting CXX compiler ABI info - done
-- Check for working CXX compiler: /usr/bin/c++ - skipped
-- Detecting CXX compile features
-- Detecting CXX compile features - done
-- Found ament_cmake: 1.3.12 (/opt/ros/humble/share/ament_cmake/cmake)
-- Found Python3: /usr/bin/python3 (found version "3.10.12") found components: Interpreter 
-- Override CMake install command with custom implementation using symlinks instead of copying resources
-- Found rclcpp: 16.0.15 (/opt/ros/humble/share/rclcpp/cmake)
-- Found rosidl_generator_c: 3.1.7 (/opt/ros/humble/share/rosidl_generator_c/cmake)
-- Found rosidl_adapter: 3.1.7 (/opt/ros/humble/share/rosidl_adapter/cmake)
-- Found rosidl_generator_cpp: 3.1.7 (/opt/ros/humble/share/rosidl_generator_cpp/cmake)
-- Using all available rosidl_typesupport_c: rosidl_typesupport_fastrtps_c;rosidl_typesupport_introspection_c
-- Using all available rosidl_typesupport_cpp: rosidl_typesupport_fastrtps_cpp;rosidl_typesupport_introspection_cpp
-- Found rmw_implementation_cmake: 6.1.2 (/opt/ros/humble/share/rmw_implementation_cmake/cmake)
-- Found rmw_fastrtps_cpp: 6.2.8 (/opt/ros/humble/share/rmw_fastrtps_cpp/cmake)
-- Found OpenSSL: /usr/lib/x86_64-linux-gnu/libcrypto.so (found version "3.0.2")  
-- Found FastRTPS: /opt/ros/humble/include  
-- Using RMW implementation 'rmw_fastrtps_cpp' as default
-- Looking for pthread.h
-- Looking for pthread.h - found
-- Performing Test CMAKE_HAVE_LIBC_PTHREAD
-- Performing Test CMAKE_HAVE_LIBC_PTHREAD - Success
-- Found Threads: TRUE  
-- Found sensor_msgs: 4.9.0 (/opt/ros/humble/share/sensor_msgs/cmake)
-- Found nav_msgs: 4.9.0 (/opt/ros/humble/share/nav_msgs/cmake)
-- Found cv_bridge: 3.2.1 (/opt/ros/humble/share/cv_bridge/cmake)
-- Found OpenCV: /usr (found version "4.5.4") 
-- Found message_filters: 4.3.8 (/opt/ros/humble/share/message_filters/cmake)
[33mCMake Warning (dev) at /usr/share/cmake-3.22/Modules/FindOpenGL.cmake:315 (message):
  Policy CMP0072 is not set: FindOpenGL prefers GLVND by default when
  available.  Run "cmake --help-policy CMP0072" for policy details.  Use the
  cmake_policy command to set the policy and suppress this warning.

  FindOpenGL found both a legacy GL library:

    OPENGL_gl_LIBRARY: /usr/lib/x86_64-linux-gnu/libGL.so

  and GLVND libraries for OpenGL and GLX:

    OPENGL_opengl_LIBRARY: /usr/lib/x86_64-linux-gnu/libOpenGL.so
    OPENGL_glx_LIBRARY: /usr/lib/x86_64-linux-gnu/libGLX.so

  OpenGL_GL_PREFERENCE has not been set to "GLVND" or "LEGACY", so for
  compatibility with CMake 3.10 and below the legacy GL library will be used.
Call Stack (most recent call first):
  CMakeLists.txt:18 (find_package)
This warning is for project developers.  Use -Wno-dev to suppress it.
[0m
-- Found OpenGL: /usr/lib/x86_64-linux-gnu/libOpenGL.so   
-- Configuring done
-- Generating done
-- Build files have been written to: /home/callum/cardiff-autonomous-racing/perception_ws/build_slam_example/slam_example
gmake[2]: *** No rule to make target '/home/callum/cardiff-autonomous-racing/perception_ws/src/slam_example/../../ORB_SLAM3/lib/libORB_SLAM3.so', needed by 'orb_slam3_stereo_inertial'. Stop.
gmake[2]: *** Waiting for unfinished jobs....
gmake[2]: *** No rule to make target '/home/callum/cardiff-autonomous-racing/perception_ws/src/slam_example/../../ORB_SLAM3/lib/libORB_SLAM3.so', needed by 'orb_slam3_stereo'. Stop.
gmake[2]: *** Waiting for unfinished jobs....
[ 37%] [32mBuilding CXX object CMakeFiles/orb_slam3_stereo_inertial.dir/src/orb_slam3_stereo_inertial.cpp.o[0m
[ 37%] [32mBuilding CXX object CMakeFiles/slam_pose_logger.dir/src/slam_pose_logger.cpp.o[0m
[ 37%] [32mBuilding CXX object CMakeFiles/orb_slam3_stereo.dir/src/orb_slam3_stereo.cpp.o[0m
[ 62%] [32mBuilding CXX object CMakeFiles/orb_slam3_stereo.dir/src/image_grabber_stereo.cpp.o[0m
[ 62%] [32mBuilding CXX object CMakeFiles/orb_slam3_stereo_inertial.dir/src/image_grabber_stereo_inertial.cpp.o[0m
In file included from [01m[K/home/callum/cardiff-autonomous-racing/perception_ws/src/slam_example/src/image_grabber_stereo_inertial.cpp:1[m[K:
[01m[K/home/callum/cardiff-autonomous-racing/perception_ws/src/slam_example/include/slam_example/image_grabber_stereo_inertial.hpp:17:10:[m[K [01;31m[Kfatal error: [m[KSystem.h: No such file or directory
   17 | #include [01;31m[K"System.h"[m[K
      |          [01;31m[K^~~~~~~~~~[m[K
compilation terminated.
gmake[2]: *** [CMakeFiles/orb_slam3_stereo_inertial.dir/build.make:90: CMakeFiles/orb_slam3_stereo_inertial.dir/src/image_grabber_stereo_inertial.cpp.o] Error 1
In file included from [01m[K/home/callum/cardiff-autonomous-racing/perception_ws/src/slam_example/src/orb_slam3_stereo_inertial.cpp:11[m[K:
[01m[K/home/callum/cardiff-autonomous-racing/perception_ws/src/slam_example/include/slam_example/image_grabber_stereo_inertial.hpp:17:10:[m[K [01;31m[Kfatal error: [m[KSystem.h: No such file or directory
   17 | #include [01;31m[K"System.h"[m[K
      |          [01;31m[K^~~~~~~~~~[m[K
compilation terminated.
gmake[2]: *** [CMakeFiles/orb_slam3_stereo_inertial.dir/build.make:76: CMakeFiles/orb_slam3_stereo_inertial.dir/src/orb_slam3_stereo_inertial.cpp.o] Error 1
gmake[1]: *** [CMakeFiles/Makefile2:167: CMakeFiles/orb_slam3_stereo_inertial.dir/all] Error 2
gmake[1]: *** Waiting for unfinished jobs....
In file included from [01m[K/home/callum/cardiff-autonomous-racing/perception_ws/src/slam_example/src/orb_slam3_stereo.cpp:8[m[K:
[01m[K/home/callum/cardiff-autonomous-racing/perception_ws/src/slam_example/include/slam_example/image_grabber_stereo.hpp:12:10:[m[K [01;31m[Kfatal error: [m[KSystem.h: No such file or directory
   12 | #include [01;31m[K"System.h"[m[K  // ORB-SLAM3 core
      |          [01;31m[K^~~~~~~~~~[m[K
compilation terminated.
In file included from [01m[K/home/callum/cardiff-autonomous-racing/perception_ws/src/slam_example/src/image_grabber_stereo.cpp:1[m[K:
[01m[K/home/callum/cardiff-autonomous-racing/perception_ws/src/slam_example/include/slam_example/image_grabber_stereo.hpp:12:10:[m[K [01;31m[Kfatal error: [m[KSystem.h: No such file or directory
   12 | #include [01;31m[K"System.h"[m[K  // ORB-SLAM3 core
      |          [01;31m[K^~~~~~~~~~[m[K
compilation terminated.
gmake[2]: *** [CMakeFiles/orb_slam3_stereo.dir/build.make:76: CMakeFiles/orb_slam3_stereo.dir/src/orb_slam3_stereo.cpp.o] Error 1
gmake[2]: *** [CMakeFiles/orb_slam3_stereo.dir/build.make:90: CMakeFiles/orb_slam3_stereo.dir/src/image_grabber_stereo.cpp.o] Error 1
gmake[1]: *** [CMakeFiles/Makefile2:141: CMakeFiles/orb_slam3_stereo.dir/all] Error 2
[ 75%] [32m[1mLinking CXX executable slam_pose_logger[0m
[ 75%] Built target slam_pose_logger
gmake: *** [Makefile:146: all] Error 2
