[0.006s] Invoking command in '/home/callum/cardiff-autonomous-racing/perception_ws/build_slam_example/slam_example': CMAKE_PREFIX_PATH=/opt/ros/humble /usr/bin/cmake /home/callum/cardiff-autonomous-racing/perception_ws/src/slam_example -DAMENT_CMAKE_SYMLINK_INSTALL=1 -DCMAKE_INSTALL_PREFIX=/home/callum/cardiff-autonomous-racing/perception_ws/install_slam_example/slam_example
[0.241s] -- The C compiler identification is GNU 11.4.0
[0.378s] -- The CXX compiler identification is GNU 11.4.0
[0.390s] -- Detecting C compiler ABI info
[0.462s] -- Detecting C compiler ABI info - done
[0.469s] -- Check for working C compiler: /usr/bin/cc - skipped
[0.469s] -- Detecting C compile features
[0.470s] -- Detecting C compile features - done
[0.474s] -- Detecting CXX compiler ABI info
[0.551s] -- Detecting CXX compiler ABI info - done
[0.558s] -- Check for working CXX compiler: /usr/bin/c++ - skipped
[0.558s] -- Detecting CXX compile features
[0.558s] -- Detecting CXX compile features - done
[0.570s] -- Found ament_cmake: 1.3.12 (/opt/ros/humble/share/ament_cmake/cmake)
[0.739s] -- Found Python3: /usr/bin/python3 (found version "3.10.12") found components: Interpreter 
[0.819s] -- Override CMake install command with custom implementation using symlinks instead of copying resources
[0.862s] -- Found rclcpp: 16.0.15 (/opt/ros/humble/share/rclcpp/cmake)
[0.935s] -- Found rosidl_generator_c: 3.1.7 (/opt/ros/humble/share/rosidl_generator_c/cmake)
[0.941s] -- Found rosidl_adapter: 3.1.7 (/opt/ros/humble/share/rosidl_adapter/cmake)
[0.955s] -- Found rosidl_generator_cpp: 3.1.7 (/opt/ros/humble/share/rosidl_generator_cpp/cmake)
[0.975s] -- Using all available rosidl_typesupport_c: rosidl_typesupport_fastrtps_c;rosidl_typesupport_introspection_c
[0.999s] -- Using all available rosidl_typesupport_cpp: rosidl_typesupport_fastrtps_cpp;rosidl_typesupport_introspection_cpp
[1.068s] -- Found rmw_implementation_cmake: 6.1.2 (/opt/ros/humble/share/rmw_implementation_cmake/cmake)
[1.073s] -- Found rmw_fastrtps_cpp: 6.2.8 (/opt/ros/humble/share/rmw_fastrtps_cpp/cmake)
[1.186s] -- Found OpenSSL: /usr/lib/x86_64-linux-gnu/libcrypto.so (found version "3.0.2")  
[1.218s] -- Found FastRTPS: /opt/ros/humble/include  
[1.256s] -- Using RMW implementation 'rmw_fastrtps_cpp' as default
[1.270s] -- Looking for pthread.h
[1.348s] -- Looking for pthread.h - found
[1.348s] -- Performing Test CMAKE_HAVE_LIBC_PTHREAD
[1.422s] -- Performing Test CMAKE_HAVE_LIBC_PTHREAD - Success
[1.423s] -- Found Threads: TRUE  
[1.504s] -- Found sensor_msgs: 4.9.0 (/opt/ros/humble/share/sensor_msgs/cmake)
[1.550s] -- Found nav_msgs: 4.9.0 (/opt/ros/humble/share/nav_msgs/cmake)
[1.575s] -- Found cv_bridge: 3.2.1 (/opt/ros/humble/share/cv_bridge/cmake)
[1.594s] -- Found OpenCV: /usr (found version "4.5.4") 
[1.596s] -- Found message_filters: 4.3.8 (/opt/ros/humble/share/message_filters/cmake)
[1.605s] [33mCMake Warning (dev) at /usr/share/cmake-3.22/Modules/FindOpenGL.cmake:315 (message):
[1.605s]   Policy CMP0072 is not set: FindOpenGL prefers GLVND by default when
[1.605s]   available.  Run "cmake --help-policy CMP0072" for policy details.  Use the
[1.605s]   cmake_policy command to set the policy and suppress this warning.
[1.605s] 
[1.605s]   FindOpenGL found both a legacy GL library:
[1.605s] 
[1.605s]     OPENGL_gl_LIBRARY: /usr/lib/x86_64-linux-gnu/libGL.so
[1.605s] 
[1.605s]   and GLVND libraries for OpenGL and GLX:
[1.605s] 
[1.605s]     OPENGL_opengl_LIBRARY: /usr/lib/x86_64-linux-gnu/libOpenGL.so
[1.605s]     OPENGL_glx_LIBRARY: /usr/lib/x86_64-linux-gnu/libGLX.so
[1.606s] 
[1.606s]   OpenGL_GL_PREFERENCE has not been set to "GLVND" or "LEGACY", so for
[1.606s]   compatibility with CMake 3.10 and below the legacy GL library will be used.
[1.606s] Call Stack (most recent call first):
[1.606s]   CMakeLists.txt:18 (find_package)
[1.606s] This warning is for project developers.  Use -Wno-dev to suppress it.
[1.606s] [0m
[1.606s] -- Found OpenGL: /usr/lib/x86_64-linux-gnu/libOpenGL.so   
[1.688s] -- Configuring done
[1.748s] -- Generating done
[1.756s] -- Build files have been written to: /home/callum/cardiff-autonomous-racing/perception_ws/build_slam_example/slam_example
[1.770s] Invoked command in '/home/callum/cardiff-autonomous-racing/perception_ws/build_slam_example/slam_example' returned '0': CMAKE_PREFIX_PATH=/opt/ros/humble /usr/bin/cmake /home/callum/cardiff-autonomous-racing/perception_ws/src/slam_example -DAMENT_CMAKE_SYMLINK_INSTALL=1 -DCMAKE_INSTALL_PREFIX=/home/callum/cardiff-autonomous-racing/perception_ws/install_slam_example/slam_example
[1.771s] Invoking command in '/home/callum/cardiff-autonomous-racing/perception_ws/build_slam_example/slam_example': CMAKE_PREFIX_PATH=/opt/ros/humble /usr/bin/cmake --build /home/callum/cardiff-autonomous-racing/perception_ws/build_slam_example/slam_example -- -j8 -l8
[1.817s] gmake[2]: *** No rule to make target '/home/callum/cardiff-autonomous-racing/perception_ws/src/slam_example/../../ORB_SLAM3/lib/libORB_SLAM3.so', needed by 'orb_slam3_stereo_inertial'. Stop.
[1.818s] gmake[2]: *** Waiting for unfinished jobs....
[1.818s] gmake[2]: *** No rule to make target '/home/callum/cardiff-autonomous-racing/perception_ws/src/slam_example/../../ORB_SLAM3/lib/libORB_SLAM3.so', needed by 'orb_slam3_stereo'. Stop.
[1.818s] gmake[2]: *** Waiting for unfinished jobs....
[1.824s] [ 37%] [32mBuilding CXX object CMakeFiles/orb_slam3_stereo_inertial.dir/src/orb_slam3_stereo_inertial.cpp.o[0m
[1.824s] [ 37%] [32mBuilding CXX object CMakeFiles/slam_pose_logger.dir/src/slam_pose_logger.cpp.o[0m
[1.824s] [ 37%] [32mBuilding CXX object CMakeFiles/orb_slam3_stereo.dir/src/orb_slam3_stereo.cpp.o[0m
[1.825s] [ 62%] [32mBuilding CXX object CMakeFiles/orb_slam3_stereo.dir/src/image_grabber_stereo.cpp.o[0m
[1.826s] [ 62%] [32mBuilding CXX object CMakeFiles/orb_slam3_stereo_inertial.dir/src/image_grabber_stereo_inertial.cpp.o[0m
[2.313s] In file included from [01m[K/home/callum/cardiff-autonomous-racing/perception_ws/src/slam_example/src/image_grabber_stereo_inertial.cpp:1[m[K:
[2.313s] [01m[K/home/callum/cardiff-autonomous-racing/perception_ws/src/slam_example/include/slam_example/image_grabber_stereo_inertial.hpp:17:10:[m[K [01;31m[Kfatal error: [m[KSystem.h: No such file or directory
[2.313s]    17 | #include [01;31m[K"System.h"[m[K
[2.313s]       |          [01;31m[K^~~~~~~~~~[m[K
[2.313s] compilation terminated.
[2.319s] gmake[2]: *** [CMakeFiles/orb_slam3_stereo_inertial.dir/build.make:90: CMakeFiles/orb_slam3_stereo_inertial.dir/src/image_grabber_stereo_inertial.cpp.o] Error 1
[2.402s] In file included from [01m[K/home/callum/cardiff-autonomous-racing/perception_ws/src/slam_example/src/orb_slam3_stereo_inertial.cpp:11[m[K:
[2.402s] [01m[K/home/callum/cardiff-autonomous-racing/perception_ws/src/slam_example/include/slam_example/image_grabber_stereo_inertial.hpp:17:10:[m[K [01;31m[Kfatal error: [m[KSystem.h: No such file or directory
[2.402s]    17 | #include [01;31m[K"System.h"[m[K
[2.403s]       |          [01;31m[K^~~~~~~~~~[m[K
[2.403s] compilation terminated.
[2.408s] gmake[2]: *** [CMakeFiles/orb_slam3_stereo_inertial.dir/build.make:76: CMakeFiles/orb_slam3_stereo_inertial.dir/src/orb_slam3_stereo_inertial.cpp.o] Error 1
[2.408s] gmake[1]: *** [CMakeFiles/Makefile2:167: CMakeFiles/orb_slam3_stereo_inertial.dir/all] Error 2
[2.408s] gmake[1]: *** Waiting for unfinished jobs....
[2.524s] In file included from [01m[K/home/callum/cardiff-autonomous-racing/perception_ws/src/slam_example/src/orb_slam3_stereo.cpp:8[m[K:
[2.524s] [01m[K/home/callum/cardiff-autonomous-racing/perception_ws/src/slam_example/include/slam_example/image_grabber_stereo.hpp:12:10:[m[K [01;31m[Kfatal error: [m[KSystem.h: No such file or directory
[2.525s]    12 | #include [01;31m[K"System.h"[m[K  // ORB-SLAM3 core
[2.525s]       |          [01;31m[K^~~~~~~~~~[m[K
[2.525s] compilation terminated.
[2.527s] In file included from [01m[K/home/callum/cardiff-autonomous-racing/perception_ws/src/slam_example/src/image_grabber_stereo.cpp:1[m[K:
[2.527s] [01m[K/home/callum/cardiff-autonomous-racing/perception_ws/src/slam_example/include/slam_example/image_grabber_stereo.hpp:12:10:[m[K [01;31m[Kfatal error: [m[KSystem.h: No such file or directory
[2.528s]    12 | #include [01;31m[K"System.h"[m[K  // ORB-SLAM3 core
[2.528s]       |          [01;31m[K^~~~~~~~~~[m[K
[2.528s] compilation terminated.
[2.533s] gmake[2]: *** [CMakeFiles/orb_slam3_stereo.dir/build.make:76: CMakeFiles/orb_slam3_stereo.dir/src/orb_slam3_stereo.cpp.o] Error 1
[2.534s] gmake[2]: *** [CMakeFiles/orb_slam3_stereo.dir/build.make:90: CMakeFiles/orb_slam3_stereo.dir/src/image_grabber_stereo.cpp.o] Error 1
[2.534s] gmake[1]: *** [CMakeFiles/Makefile2:141: CMakeFiles/orb_slam3_stereo.dir/all] Error 2
[12.357s] [ 75%] [32m[1mLinking CXX executable slam_pose_logger[0m
[12.879s] [ 75%] Built target slam_pose_logger
[12.881s] gmake: *** [Makefile:146: all] Error 2
[12.883s] Invoked command in '/home/callum/cardiff-autonomous-racing/perception_ws/build_slam_example/slam_example' returned '2': CMAKE_PREFIX_PATH=/opt/ros/humble /usr/bin/cmake --build /home/callum/cardiff-autonomous-racing/perception_ws/build_slam_example/slam_example -- -j8 -l8
